<?xml version="1.0" encoding="UTF-8"?>
<!-- Generated by org.testng.reporters.JUnitReportReporter -->
<testsuite hostname="NDA-DL-MKHAN" failures="0" tests="1" name="testcases.WikipediaSearchTest" time="5.122" errors="0" timestamp="08 Feb 2022 14:47:40 GMT" skipped="0">
  <testcase classname="testcases.WikipediaSearchTest" name="searchText" time="5.122"/>
</testsuite> <!-- testcases.WikipediaSearchTest -->
